0 info it worked if it ends with ok
1 verbose cli [ '/home/xhad/.nvm/versions/node/v6.4.0/bin/node',
1 verbose cli   '/home/xhad/.nvm/versions/node/v6.4.0/bin/npm',
1 verbose cli   'start' ]
2 info using npm@3.10.3
3 info using node@v6.4.0
4 verbose run-script [ 'prestart', 'start', 'poststart' ]
5 info lifecycle codetodo@1.0.0~prestart: codetodo@1.0.0
6 silly lifecycle codetodo@1.0.0~prestart: no script for prestart, continuing
7 info lifecycle codetodo@1.0.0~start: codetodo@1.0.0
8 verbose lifecycle codetodo@1.0.0~start: unsafe-perm in lifecycle true
9 verbose lifecycle codetodo@1.0.0~start: PATH: /home/xhad/.nvm/versions/node/v6.4.0/lib/node_modules/npm/bin/node-gyp-bin:/media/xhad/de1acaaa-c1d8-4a8d-b613-653e8aaa66da/home/xhad/code/ng2/codetodo/client/node_modules/.bin:/home/xhad/.nvm/versions/node/v6.4.0/bin:/home/xhad/.nvm/versions/node/v6.4.0/bin:/usr/local/sbin:/usr/local/bin:/usr/sbin:/usr/bin:/sbin:/bin:/usr/games:/usr/local/games:/usr/local/cuda/bin
10 verbose lifecycle codetodo@1.0.0~start: CWD: /media/xhad/de1acaaa-c1d8-4a8d-b613-653e8aaa66da/home/xhad/code/ng2/codetodo/client
11 silly lifecycle codetodo@1.0.0~start: Args: [ '-c',
11 silly lifecycle   'webpack-dev-server --inline --colors --progress --display-error-details --display-cached --port 3003  --content-base src' ]
12 silly lifecycle codetodo@1.0.0~start: Returned: code: 137  signal: null
13 info lifecycle codetodo@1.0.0~start: Failed to exec start script
14 verbose stack Error: codetodo@1.0.0 start: `webpack-dev-server --inline --colors --progress --display-error-details --display-cached --port 3003  --content-base src`
14 verbose stack Exit status 137
14 verbose stack     at EventEmitter.<anonymous> (/home/xhad/.nvm/versions/node/v6.4.0/lib/node_modules/npm/lib/utils/lifecycle.js:242:16)
14 verbose stack     at emitTwo (events.js:106:13)
14 verbose stack     at EventEmitter.emit (events.js:191:7)
14 verbose stack     at ChildProcess.<anonymous> (/home/xhad/.nvm/versions/node/v6.4.0/lib/node_modules/npm/lib/utils/spawn.js:40:14)
14 verbose stack     at emitTwo (events.js:106:13)
14 verbose stack     at ChildProcess.emit (events.js:191:7)
14 verbose stack     at maybeClose (internal/child_process.js:852:16)
14 verbose stack     at Process.ChildProcess._handle.onexit (internal/child_process.js:215:5)
15 verbose pkgid codetodo@1.0.0
16 verbose cwd /media/xhad/de1acaaa-c1d8-4a8d-b613-653e8aaa66da/home/xhad/code/ng2/codetodo/client
17 error Linux 4.4.0-21-generic
18 error argv "/home/xhad/.nvm/versions/node/v6.4.0/bin/node" "/home/xhad/.nvm/versions/node/v6.4.0/bin/npm" "start"
19 error node v6.4.0
20 error npm  v3.10.3
21 error code ELIFECYCLE
22 error codetodo@1.0.0 start: `webpack-dev-server --inline --colors --progress --display-error-details --display-cached --port 3003  --content-base src`
22 error Exit status 137
23 error Failed at the codetodo@1.0.0 start script 'webpack-dev-server --inline --colors --progress --display-error-details --display-cached --port 3003  --content-base src'.
23 error Make sure you have the latest version of node.js and npm installed.
23 error If you do, this is most likely a problem with the codetodo package,
23 error not with npm itself.
23 error Tell the author that this fails on your system:
23 error     webpack-dev-server --inline --colors --progress --display-error-details --display-cached --port 3003  --content-base src
23 error You can get information on how to open an issue for this project with:
23 error     npm bugs codetodo
23 error Or if that isn't available, you can get their info via:
23 error     npm owner ls codetodo
23 error There is likely additional logging output above.
24 verbose exit [ 1, true ]
